TN:
SF:src\context.ts
FN:19,createMockContext
FNF:1
FNH:1
FNDA:20,createMockContext
DA:1,1
DA:2,1
DA:3,1
DA:4,1
DA:5,1
DA:6,1
DA:7,1
DA:8,1
DA:9,1
DA:10,1
DA:11,1
DA:12,1
DA:13,1
DA:14,1
DA:15,1
DA:16,1
DA:17,1
DA:18,1
DA:19,1
DA:20,20
DA:21,20
DA:22,20
DA:23,20
LF:23
LH:23
BRDA:19,0,0,20
BRF:1
BRH:1
end_of_record
TN:
SF:src\Portfolios\Services\AddPortfolio.ts
FN:5,AddPortfolio
FNF:1
FNH:1
FNDA:3,AddPortfolio
DA:1,1
DA:2,1
DA:3,1
DA:4,1
DA:5,1
DA:6,3
DA:7,3
DA:8,3
DA:9,3
DA:10,3
DA:11,3
DA:12,3
DA:13,2
DA:14,2
DA:15,2
DA:16,2
DA:17,2
DA:18,2
DA:19,2
DA:20,3
DA:21,3
DA:22,1
DA:23,1
DA:24,1
DA:25,1
DA:26,1
DA:27,1
DA:28,1
DA:29,1
DA:30,1
DA:31,1
DA:32,1
DA:33,1
LF:33
LH:33
BRDA:5,0,0,3
BRDA:12,1,0,1
BRDA:12,2,0,2
BRDA:21,3,0,1
BRF:4
BRH:4
end_of_record
TN:
SF:src\Portfolios\Services\GetPortfolios.ts
FN:4,GetPortfolios
FNF:1
FNH:1
FNDA:1,GetPortfolios
DA:1,1
DA:2,1
DA:3,1
DA:4,1
DA:5,1
DA:6,1
DA:7,1
DA:8,1
DA:9,1
DA:10,1
LF:10
LH:10
BRDA:4,0,0,1
BRF:1
BRH:1
end_of_record
TN:
SF:src\Portfolios\Services\UpdatePortfolio.ts
FN:5,UpdatePortfolio
FNF:1
FNH:1
FNDA:4,UpdatePortfolio
DA:1,1
DA:2,1
DA:3,1
DA:4,1
DA:5,1
DA:6,4
DA:7,4
DA:8,4
DA:9,4
DA:10,4
DA:11,4
DA:12,4
DA:13,3
DA:14,3
DA:15,3
DA:16,3
DA:17,3
DA:18,3
DA:19,3
DA:20,3
DA:21,3
DA:22,3
DA:23,3
DA:24,4
DA:25,1
DA:26,1
DA:27,2
DA:28,2
DA:29,2
DA:30,2
DA:31,2
DA:32,2
DA:33,2
DA:34,2
DA:35,2
DA:36,2
DA:37,2
DA:38,4
DA:39,1
DA:40,1
DA:41,1
DA:42,1
DA:43,1
DA:44,1
DA:45,1
DA:46,1
DA:47,1
DA:48,1
DA:49,1
DA:50,1
DA:51,1
DA:52,1
DA:53,1
DA:54,1
DA:55,1
LF:55
LH:55
BRDA:5,0,0,4
BRDA:12,1,0,1
BRDA:12,2,0,3
BRDA:24,3,0,1
BRDA:27,4,0,2
BRDA:38,5,0,1
BRF:6
BRH:6
end_of_record
TN:
SF:src\Strategies\Services\AddStrategy.ts
FN:9,AddStrategy
FNF:1
FNH:1
FNDA:4,AddStrategy
DA:1,1
DA:2,1
DA:3,1
DA:4,1
DA:5,1
DA:6,1
DA:7,1
DA:8,1
DA:9,1
DA:10,4
DA:11,4
DA:12,4
DA:13,4
DA:14,4
DA:15,4
DA:16,4
DA:17,4
DA:18,4
DA:19,4
DA:20,4
DA:21,4
DA:22,4
DA:23,3
DA:24,4
DA:25,4
DA:26,2
DA:27,4
DA:28,4
DA:29,1
DA:30,1
DA:31,1
DA:32,1
DA:33,1
DA:34,1
DA:35,1
DA:36,1
DA:37,1
DA:38,1
DA:39,1
DA:40,1
DA:41,1
LF:41
LH:41
BRDA:9,0,0,4
BRDA:22,1,0,1
BRDA:22,2,0,3
BRDA:25,3,0,1
BRDA:25,4,0,2
BRDA:28,5,0,1
BRF:6
BRH:6
end_of_record
TN:
SF:src\Strategies\Services\GetStrategies.ts
FN:4,GetStrategies
FNF:1
FNH:1
FNDA:1,GetStrategies
DA:1,1
DA:2,1
DA:3,1
DA:4,1
DA:5,1
DA:6,1
DA:7,1
DA:8,1
DA:9,1
DA:10,1
DA:11,1
DA:12,1
DA:13,1
DA:14,1
DA:15,1
LF:15
LH:15
BRDA:4,0,0,1
BRF:1
BRH:1
end_of_record
TN:
SF:src\Strategies\Services\GetStrategy.ts
FN:5,GetStrategy
FNF:1
FNH:1
FNDA:2,GetStrategy
DA:1,1
DA:2,1
DA:3,1
DA:4,1
DA:5,1
DA:6,2
DA:7,2
DA:8,2
DA:9,2
DA:10,2
DA:11,2
DA:12,2
DA:13,2
DA:14,2
DA:15,2
DA:16,2
DA:17,2
DA:18,2
DA:19,2
LF:19
LH:19
BRDA:5,0,0,2
BRDA:17,1,0,1
BRF:2
BRH:2
end_of_record
TN:
SF:src\Trades\Services\GetTrade.ts
FN:5,GetTrade
FNF:1
FNH:1
FNDA:2,GetTrade
DA:1,1
DA:2,1
DA:3,1
DA:4,1
DA:5,1
DA:6,2
DA:7,2
DA:8,2
DA:9,2
DA:10,2
DA:11,2
DA:12,2
DA:13,2
DA:14,2
DA:15,2
DA:16,2
DA:17,2
DA:18,2
DA:19,2
LF:19
LH:19
BRDA:5,0,0,2
BRDA:17,1,0,1
BRF:2
BRH:2
end_of_record
TN:
SF:src\Trades\Services\GetTrades.ts
FN:4,GetTrades
FNF:1
FNH:1
FNDA:3,GetTrades
DA:1,1
DA:2,1
DA:3,1
DA:4,1
DA:5,3
DA:6,3
DA:7,3
DA:8,3
DA:9,3
DA:10,3
DA:11,1
DA:12,1
DA:13,1
DA:14,1
DA:15,1
DA:16,1
DA:17,1
DA:18,1
DA:19,3
LF:19
LH:19
BRDA:4,0,0,3
BRDA:10,1,0,2
BRDA:10,2,0,1
BRF:3
BRH:3
end_of_record
TN:
SF:src\Utilities\typeDef.ts
FN:7,ApiError
FNF:1
FNH:1
FNDA:20,ApiError
DA:1,1
DA:2,1
DA:3,1
DA:4,1
DA:5,1
DA:6,1
DA:7,1
DA:8,20
DA:9,20
DA:10,20
DA:11,1
DA:12,1
DA:13,1
DA:14,1
DA:15,1
DA:16,1
DA:17,1
DA:18,1
DA:19,1
DA:20,1
LF:20
LH:20
BRDA:7,0,0,20
BRF:1
BRH:1
end_of_record
